Cluster   1    16.500  31.234  11.728   0.113
Cluster   2    16.201  30.935   9.218   0.204
Cluster   3    16.415  31.149   6.958   0.411
Cluster   4    16.355  31.089   4.927   0.471
Cluster   5    16.349  31.083   2.252   0.240
Cluster   6    16.404  31.138  -0.569   0.149
Cluster   7    16.487  27.945  -0.334   0.164
Cluster   8    16.479  27.827  11.624   0.493
Cluster   9    16.531  27.733   7.943  -0.022
Cluster  10    16.602  27.933   3.530   0.242
Cluster  11    16.822  24.452   5.040  -0.759
Cluster  12    16.526  25.182   1.549  -0.117
Cluster  13    16.077  23.143   0.488  -0.120
Cluster  14    16.335  25.486  -1.963   0.022
Cluster  15    16.324  22.384  -2.071   0.125
Cluster  16    16.506  24.717  10.606   0.087
Cluster  17    15.747  22.561  11.791   0.357
Cluster  18    16.461  21.612   8.967   0.184
Cluster  19    16.292  24.108   7.758  -0.182
Cluster  20    16.564  21.487   3.411   0.008
Cluster  21    16.431  21.119   6.169   0.015
Cluster  22    16.561  19.597  11.841   0.056
Cluster  23    16.654  19.847   0.114   0.182
Cluster  24    16.445  19.483  -1.991   0.206
Cluster  25    13.505  20.001  -1.398   0.140
Cluster  26    16.269  19.018   7.538   0.442
Cluster  27    16.363  19.039   3.206   0.138
Cluster  28    13.385  19.824   4.260  -0.575
Cluster  29    13.377  26.399  11.762   0.233
Cluster  30    13.407  29.785  11.699   0.340
Cluster  31    13.424  29.522   3.970   0.211
Cluster  32    13.593  29.234   0.650   0.278
Cluster  33    13.739  28.755  -2.018   0.238
Cluster  34    13.687  27.712   8.908  -0.979
Cluster  35    13.563  25.468   7.915  -2.269
Cluster  36    13.254  22.134   0.566  -1.391
Cluster  37    11.231  31.528  10.973   0.176
Cluster  38    12.984  31.270   8.042  -0.147
Cluster  39    12.815  31.815   5.150   0.637
Cluster  40    12.608  31.742   1.489   0.551
Cluster  41    12.809  31.599  -1.689   0.237
Cluster  42    12.504  28.554   6.349  -1.490
Cluster  43    13.275  26.020   0.496  -1.830
Cluster  44    12.897  23.090  10.059  -0.343
Cluster  45    13.307  21.869   7.449  -1.253
Cluster  46    11.665  19.521   1.476  -0.842
Cluster  47    13.042  19.957  11.744   0.271
Cluster  48    11.551  19.823   9.714   0.271
Cluster  49    12.827  25.387  -2.144   0.011
Cluster  50    11.254  22.835  -1.841  -0.739
Cluster  51    10.706  23.449  11.994   0.027
Cluster  52    13.938  19.337   8.512   0.302
Cluster  53    10.609  19.839   6.300  -0.875
Cluster  54     8.470  20.251   5.065  -0.290
Cluster  55    10.548  28.302   3.096  -2.537
Cluster  56    10.472  28.204  11.920  -0.568
Cluster  57    10.350  28.032  -1.641  -0.407
Cluster  58    11.036  25.837  10.242   1.797
Cluster  59     9.666  25.539  -0.559   0.726
Cluster  60    10.247  19.641  -1.716   0.228
Cluster  61     9.791  30.569   0.261   0.192
Cluster  62     9.368  31.213  -2.004   0.454
Cluster  63    11.001  29.907   8.906   0.753
Cluster  64     8.805  27.885   1.229  -4.268
Cluster  65     7.629  20.730  -0.350  -0.499
Cluster  66     8.433  19.400   2.292   1.841
Cluster  67     9.488  31.253   6.204  -0.396
Cluster  68     7.922  31.421   9.261  -0.392
Cluster  69     9.763  31.444   3.298   0.019
Cluster  70     7.293  30.465   3.707  -1.916
Cluster  71     9.582  22.182   8.893  -2.507
Cluster  72     9.205  20.223  11.962   0.248
Cluster  73     6.779  31.380   0.611   0.159
Cluster  74     8.100  25.561  12.020  -0.941
Cluster  75    10.579  18.813  12.330   0.113
Cluster  76     7.117  24.236  -1.983  -0.429
Cluster  77     8.240  31.090  12.178  -0.210
Cluster  78     8.278  22.024  -2.482  -0.084
Cluster  79     5.277  19.678  -1.877   0.111
Cluster  80     6.841  23.340  10.146  -1.077
Cluster  81     5.963  21.610  11.887   0.111
Cluster  82     7.791  19.551   8.762   0.412
Cluster  83     5.842  30.493   6.956  -0.836
Cluster  84     5.223  22.488   0.594  -2.264
Cluster  85     5.531  20.292   6.653   0.435
Cluster  86     4.014  29.901   0.909  -1.369
Cluster  87     7.076  28.968  -1.925  -0.110
Cluster  88     6.295  28.472  11.767  -0.628
Cluster  89     4.229  27.093  -2.030  -0.528
Cluster  90     6.842  22.885   6.182  -5.032
Cluster  91     4.164  31.353   4.245  -0.892
Cluster  92     4.544  30.456   9.976  -0.171
Cluster  93     5.973  19.097  11.633   0.323
Cluster  94     4.957  31.427  -1.993   0.391
Cluster  95     5.682  21.317   3.388  -1.397
Cluster  96     4.831  31.579  12.242   0.477
Cluster  97     4.568  24.916   8.488  -1.255
Cluster  98     3.305  19.548   3.183   0.579
Cluster  99     2.496  31.354   7.546  -0.090
Cluster 100     3.977  26.420  11.212   0.051
Cluster 101     4.262  24.426  11.967   0.043
Cluster 102     3.810  22.782  -2.055   0.079
Cluster 103     3.890  21.250   9.273   0.243
Cluster 104     1.988  31.648   1.117   0.179
Cluster 105     3.081  23.223   4.040  -1.177
Cluster 106     2.005  19.463   8.335   0.121
Cluster 107     2.439  28.786   5.396  -1.059
Cluster 108     3.075  27.915   8.175  -0.583
Cluster 109     1.938  25.096  -1.468   0.109
Cluster 110     2.752  19.923   0.051   0.216
Cluster 111     2.616  23.031   6.916  -0.572
Cluster 112     2.093  20.003   5.627   0.469
Cluster 113     2.016  29.347  -1.683   0.108
Cluster 114     2.085  22.069  11.776   0.243
Cluster 115     2.680  19.653  12.003   0.000
Cluster 116     2.147  29.030  11.861   0.282
Cluster 117     1.844  22.563   1.428  -0.010
Cluster 118     1.794  31.591  11.006   0.222
Cluster 119     1.833  27.444   1.263  -1.477
Cluster 120     1.707  25.799   6.518  -0.379
Cluster 121     1.797  25.157   1.907  -2.020
Cluster 122     1.908  19.894  -2.313   0.116
Cluster 123     1.395  31.544   4.542   0.057
Cluster 124     1.840  31.940  -2.032   0.004
Cluster 125     2.007  29.247   2.910  -0.636
Cluster 126     1.562  25.302   9.882   0.367
Cluster 127     1.235  22.400  -1.599  -0.019
Cluster 128     1.180  29.150   9.019   0.136
Cluster 129     1.219  27.131  -2.391  -0.004
Cluster 130     1.517  25.835  12.468   0.232
Cluster 131     1.038  19.511   2.208   0.147
Cluster 132     1.645  26.379   4.061  -0.842
Cluster 133     1.002  22.263   4.467   0.519
Cluster 134     1.270  22.336   9.005   0.313
Cluster 135     0.875  32.291   8.557   0.365
Cluster 136     0.927  29.768   0.441   0.319
Cluster 137     0.884  28.843   6.687  -0.155
Cluster 138     0.939  19.587  10.736   0.000
